2025-04-29 15:26:15,177 - password_strength - INFO - Loading models from resources: C:\Users\User\Desktop\Final Year Project\Python Library\rf_model.pkl, C:\Users\User\Desktop\Final Year Project\Python Library\svm_model.pkl
2025-04-29 15:26:15,185 - password_strength - INFO - Successfully loaded pre-trained models from package resources.
2025-04-29 15:26:15,185 - __main__ - INFO - Password strength scorer initialized successfully (potentially insecurely).
2025-04-29 15:26:22,984 - password_strength - DEBUG - Password strength predictions - RF: 5%, SVM: 33%, Ensemble: 19%
2025-04-29 15:26:22,990 - __main__ - INFO - Password analysis attempted for: acdas...
2025-04-29 15:26:22,990 - __main__ - DEBUG - Full analysis results for acdascdac: {'random_forest': 5, 'svm': 33, 'ensemble': 19}
2025-04-29 15:26:39,884 - password_strength - DEBUG - Password strength predictions - RF: 100%, SVM: 50%, Ensemble: 75%
2025-04-29 15:26:39,900 - __main__ - INFO - Password analysis attempted for: ELMOS...
2025-04-29 15:26:39,900 - __main__ - DEBUG - Full analysis results for ELMOSUAJSJ123kdskc&88: {'random_forest': 100, 'svm': 50, 'ensemble': 75}
2025-04-29 15:34:22,493 - password_strength - INFO - Attempting to load models from resources (insecurely): C:\Users\User\Desktop\Final Year Project\Python Library\rf_model.pkl, C:\Users\User\Desktop\Final Year Project\Python Library\svm_model.pkl
2025-04-29 15:34:22,508 - password_strength - INFO - Successfully loaded pre-trained models from package resources (insecurely).
2025-04-29 15:34:22,508 - password_strength - INFO - Attempting to load dictionary from (insecurely): C:\Users\User\Desktop\Final Year Project\Python Library\common-passwords.txt
2025-04-29 15:34:22,509 - password_strength - INFO - Successfully loaded 197 dictionary words (insecurely).
2025-04-29 15:34:22,509 - __main__ - INFO - Password strength scorer initialized successfully (potentially insecurely).
2025-04-29 15:34:27,042 - password_strength - DEBUG - Calculated entropy: 37.603517745128734 for password: sxasxasx
2025-04-29 15:34:27,061 - password_strength - DEBUG - Extracted features: {'length': {0: 8}, 'num_upper': {0: 0}, 'char_variety_score': {0: 1}, 'entropy': {0: 37.603517745128734}, 'num_lower': {0: 8}} for password: sxasxasx
2025-04-29 15:34:27,084 - password_strength - DEBUG - Password strength predictions - RF: 2%, SVM: 25%, Ensemble: 13% for password: sxasxasx
2025-04-29 15:34:27,084 - password_strength - DEBUG - Calculated entropy: 37.603517745128734 for password: sxasxasx
2025-04-29 15:34:27,099 - password_strength - DEBUG - Extracted features: {'length': {0: 8}, 'num_upper': {0: 0}, 'char_variety_score': {0: 1}, 'entropy': {0: 37.603517745128734}, 'num_lower': {0: 8}} for password: sxasxasx
2025-04-29 15:34:27,102 - password_strength - DEBUG - No simple patterns detected in password: sxasxasx
2025-04-29 15:34:27,102 - password_strength - DEBUG - Normalized password: sxasxasx
2025-04-29 15:34:27,102 - password_strength - DEBUG - No dictionary words detected in password: sxasxasx
2025-04-29 15:34:27,102 - __main__ - INFO - Password analysis attempted for: sxasx...
2025-04-29 15:34:27,102 - __main__ - DEBUG - Full analysis results for sxasxasx: {'random_forest': 2, 'svm': 25, 'ensemble': 13}
2025-04-29 15:34:28,101 - password_strength - DEBUG - Calculated entropy: 37.603517745128734 for password: sxasxasx
2025-04-29 15:34:28,118 - password_strength - DEBUG - Extracted features: {'length': {0: 8}, 'num_upper': {0: 0}, 'char_variety_score': {0: 1}, 'entropy': {0: 37.603517745128734}, 'num_lower': {0: 8}} for password: sxasxasx
2025-04-29 15:34:28,141 - password_strength - DEBUG - Password strength predictions - RF: 2%, SVM: 25%, Ensemble: 13% for password: sxasxasx
2025-04-29 15:34:28,155 - password_strength - DEBUG - Calculated entropy: 37.603517745128734 for password: sxasxasx
2025-04-29 15:34:28,157 - password_strength - DEBUG - Extracted features: {'length': {0: 8}, 'num_upper': {0: 0}, 'char_variety_score': {0: 1}, 'entropy': {0: 37.603517745128734}, 'num_lower': {0: 8}} for password: sxasxasx
2025-04-29 15:34:28,157 - password_strength - DEBUG - No simple patterns detected in password: sxasxasx
2025-04-29 15:34:28,158 - password_strength - DEBUG - Normalized password: sxasxasx
2025-04-29 15:34:28,158 - password_strength - DEBUG - No dictionary words detected in password: sxasxasx
2025-04-29 15:34:28,159 - __main__ - INFO - Password analysis attempted for: sxasx...
2025-04-29 15:34:28,159 - __main__ - DEBUG - Full analysis results for sxasxasx: {'random_forest': 2, 'svm': 25, 'ensemble': 13}
2025-04-29 15:34:28,317 - password_strength - DEBUG - Calculated entropy: 37.603517745128734 for password: sxasxasx
2025-04-29 15:34:28,319 - password_strength - DEBUG - Extracted features: {'length': {0: 8}, 'num_upper': {0: 0}, 'char_variety_score': {0: 1}, 'entropy': {0: 37.603517745128734}, 'num_lower': {0: 8}} for password: sxasxasx
2025-04-29 15:34:28,346 - password_strength - DEBUG - Password strength predictions - RF: 2%, SVM: 25%, Ensemble: 13% for password: sxasxasx
2025-04-29 15:34:28,358 - password_strength - DEBUG - Calculated entropy: 37.603517745128734 for password: sxasxasx
2025-04-29 15:34:28,362 - password_strength - DEBUG - Extracted features: {'length': {0: 8}, 'num_upper': {0: 0}, 'char_variety_score': {0: 1}, 'entropy': {0: 37.603517745128734}, 'num_lower': {0: 8}} for password: sxasxasx
2025-04-29 15:34:28,362 - password_strength - DEBUG - No simple patterns detected in password: sxasxasx
2025-04-29 15:34:28,362 - password_strength - DEBUG - Normalized password: sxasxasx
2025-04-29 15:34:28,362 - password_strength - DEBUG - No dictionary words detected in password: sxasxasx
2025-04-29 15:34:28,362 - __main__ - INFO - Password analysis attempted for: sxasx...
2025-04-29 15:34:28,362 - __main__ - DEBUG - Full analysis results for sxasxasx: {'random_forest': 2, 'svm': 25, 'ensemble': 13}
2025-04-29 15:34:28,596 - password_strength - DEBUG - Calculated entropy: 37.603517745128734 for password: sxasxasx
2025-04-29 15:34:28,596 - password_strength - DEBUG - Extracted features: {'length': {0: 8}, 'num_upper': {0: 0}, 'char_variety_score': {0: 1}, 'entropy': {0: 37.603517745128734}, 'num_lower': {0: 8}} for password: sxasxasx
2025-04-29 15:34:28,623 - password_strength - DEBUG - Password strength predictions - RF: 2%, SVM: 25%, Ensemble: 13% for password: sxasxasx
2025-04-29 15:34:28,633 - password_strength - DEBUG - Calculated entropy: 37.603517745128734 for password: sxasxasx
2025-04-29 15:34:28,633 - password_strength - DEBUG - Extracted features: {'length': {0: 8}, 'num_upper': {0: 0}, 'char_variety_score': {0: 1}, 'entropy': {0: 37.603517745128734}, 'num_lower': {0: 8}} for password: sxasxasx
2025-04-29 15:34:28,633 - password_strength - DEBUG - No simple patterns detected in password: sxasxasx
2025-04-29 15:34:28,633 - password_strength - DEBUG - Normalized password: sxasxasx
2025-04-29 15:34:28,633 - password_strength - DEBUG - No dictionary words detected in password: sxasxasx
2025-04-29 15:34:28,633 - __main__ - INFO - Password analysis attempted for: sxasx...
2025-04-29 15:34:28,641 - __main__ - DEBUG - Full analysis results for sxasxasx: {'random_forest': 2, 'svm': 25, 'ensemble': 13}
