2025-04-28 14:32:51,039 - password_strength - INFO - Loading models from resources: C:\Users\User\Desktop\Final Year Project\Python Library\rf_model.pkl, C:\Users\User\Desktop\Final Year Project\Python Library\svm_model.pkl
2025-04-28 14:32:51,050 - password_strength - INFO - Successfully loaded pre-trained models from package resources.
2025-04-28 14:32:51,050 - __main__ - INFO - Password strength scorer initialized successfully
2025-04-28 14:32:56,355 - __main__ - ERROR - Error analyzing password: 'PasswordStrengthScorer' object has no attribute 'predict_rf'
Traceback (most recent call last):
  File "C:\Users\User\Desktop\Final Year Project\Python Library\password_strength_gui.py", line 147, in analyze_password
    rf_pred = self.scorer.predict_rf(password)
              ^^^^^^^^^^^^^^^^^^^^^^
AttributeError: 'PasswordStrengthScorer' object has no attribute 'predict_rf'
2025-04-28 14:33:00,531 - __main__ - ERROR - Error analyzing password: 'PasswordStrengthScorer' object has no attribute 'predict_rf'
Traceback (most recent call last):
  File "C:\Users\User\Desktop\Final Year Project\Python Library\password_strength_gui.py", line 147, in analyze_password
    rf_pred = self.scorer.predict_rf(password)
              ^^^^^^^^^^^^^^^^^^^^^^
AttributeError: 'PasswordStrengthScorer' object has no attribute 'predict_rf'
2025-04-28 14:34:09,925 - password_strength - INFO - Loading models from resources: C:\Users\User\Desktop\Final Year Project\Python Library\rf_model.pkl, C:\Users\User\Desktop\Final Year Project\Python Library\svm_model.pkl
2025-04-28 14:34:09,932 - password_strength - INFO - Successfully loaded pre-trained models from package resources.
2025-04-28 14:34:09,932 - __main__ - INFO - Password strength scorer initialized successfully
2025-04-28 14:34:12,368 - __main__ - ERROR - Error analyzing password: 'CTkTextbox' object has no attribute 'tag_configure'
Traceback (most recent call last):
  File "C:\Users\User\Desktop\Final Year Project\Python Library\password_strength_gui.py", line 187, in analyze_password
    self.results_text.tag_configure("title", font=("Helvetica", 16, "bold"))
    ^^^^^^^^^^^^^^^^^^^^^^^^^^^^^^^
AttributeError: 'CTkTextbox' object has no attribute 'tag_configure'. Did you mean: '_configure'?
2025-04-28 14:34:26,346 - __main__ - ERROR - Error analyzing password: 'CTkTextbox' object has no attribute 'tag_configure'
Traceback (most recent call last):
  File "C:\Users\User\Desktop\Final Year Project\Python Library\password_strength_gui.py", line 187, in analyze_password
    self.results_text.tag_configure("title", font=("Helvetica", 16, "bold"))
    ^^^^^^^^^^^^^^^^^^^^^^^^^^^^^^^
AttributeError: 'CTkTextbox' object has no attribute 'tag_configure'. Did you mean: '_configure'?
2025-04-28 14:35:10,638 - password_strength - INFO - Loading models from resources: C:\Users\User\Desktop\Final Year Project\Python Library\rf_model.pkl, C:\Users\User\Desktop\Final Year Project\Python Library\svm_model.pkl
2025-04-28 14:35:10,648 - password_strength - INFO - Successfully loaded pre-trained models from package resources.
2025-04-28 14:35:10,648 - __main__ - INFO - Password strength scorer initialized successfully
2025-04-28 14:35:13,111 - __main__ - INFO - Password analyzed successfully: ascxs...
2025-04-28 14:35:26,778 - __main__ - INFO - Password analyzed successfully: Hibis...
2025-04-28 14:35:34,860 - __main__ - INFO - Password analyzed successfully: Hibis...
2025-04-28 14:35:44,211 - __main__ - INFO - Password analyzed successfully: @dmin...
2025-04-28 14:39:04,247 - password_strength - INFO - Loading models from resources: C:\Users\User\Desktop\Final Year Project\Python Library\rf_model.pkl, C:\Users\User\Desktop\Final Year Project\Python Library\svm_model.pkl
2025-04-28 14:39:04,253 - password_strength - INFO - Successfully loaded pre-trained models from package resources.
2025-04-28 14:39:04,253 - __main__ - INFO - Password strength scorer initialized successfully
2025-04-28 14:39:10,890 - __main__ - INFO - Password analyzed successfully: sdasd...
2025-04-28 14:39:16,756 - __main__ - INFO - Password analyzed successfully: sdasd...
2025-04-28 14:39:31,506 - __main__ - INFO - Password analyzed successfully: Hibis...
2025-04-28 14:40:42,374 - __main__ - INFO - Password analyzed successfully: Hibis...
2025-04-28 14:40:48,787 - __main__ - INFO - Password analyzed successfully: Hibis...
2025-04-28 14:40:59,253 - __main__ - INFO - Password analyzed successfully: el123...
2025-04-28 14:41:19,742 - password_strength - INFO - Loading models from resources: C:\Users\User\Desktop\Final Year Project\Python Library\rf_model.pkl, C:\Users\User\Desktop\Final Year Project\Python Library\svm_model.pkl
2025-04-28 14:41:19,749 - password_strength - INFO - Successfully loaded pre-trained models from package resources.
2025-04-28 14:41:19,749 - __main__ - INFO - Password strength scorer initialized successfully
2025-04-28 14:41:25,136 - __main__ - INFO - Password analyzed successfully: adcdc...
2025-04-28 14:41:32,036 - __main__ - INFO - Password analyzed successfully: adcdc...
2025-04-28 14:41:48,536 - __main__ - INFO - Password analyzed successfully: Hibis...
2025-04-28 14:41:56,936 - __main__ - INFO - Password analyzed successfully: Hibis...
2025-04-28 14:43:01,037 - password_strength - INFO - Loading models from resources: C:\Users\User\Desktop\Final Year Project\Python Library\rf_model.pkl, C:\Users\User\Desktop\Final Year Project\Python Library\svm_model.pkl
2025-04-28 14:43:01,042 - password_strength - INFO - Successfully loaded pre-trained models from package resources.
2025-04-28 14:43:01,043 - __main__ - INFO - Password strength scorer initialized successfully
2025-04-28 14:43:04,050 - __main__ - INFO - Password analyzed successfully: ascas...
2025-04-28 14:46:52,948 - password_strength - INFO - Loading models from resources: C:\Users\User\Desktop\Final Year Project\Python Library\rf_model.pkl, C:\Users\User\Desktop\Final Year Project\Python Library\svm_model.pkl
2025-04-28 14:46:52,954 - password_strength - INFO - Successfully loaded pre-trained models from package resources.
2025-04-28 14:46:52,955 - __main__ - INFO - Password strength scorer initialized successfully
2025-04-28 14:47:00,978 - __main__ - INFO - Password analyzed successfully: Hibis...
2025-04-28 14:47:32,178 - __main__ - INFO - Password analyzed successfully: @dmin...
2025-04-28 14:48:00,910 - __main__ - INFO - Password analyzed successfully: F00tb...
2025-04-28 14:48:31,260 - __main__ - INFO - Password analyzed successfully: F00tb...
2025-04-28 14:48:49,563 - __main__ - INFO - Password analyzed successfully: qjwdi...
2025-04-28 14:51:20,658 - password_strength - INFO - Loading models from resources: C:\Users\User\Desktop\Final Year Project\Python Library\rf_model.pkl, C:\Users\User\Desktop\Final Year Project\Python Library\svm_model.pkl
2025-04-28 14:51:20,658 - password_strength - INFO - Successfully loaded pre-trained models from package resources.
2025-04-28 14:51:20,658 - __main__ - INFO - Password strength scorer initialized successfully
2025-04-28 14:51:29,322 - __main__ - INFO - Password analyzed successfully: assac...
2025-04-28 14:51:39,755 - __main__ - INFO - Password analyzed successfully: admin...
2025-04-28 14:53:26,261 - password_strength - INFO - Loading models from resources: C:\Users\User\Desktop\Final Year Project\Python Library\rf_model.pkl, C:\Users\User\Desktop\Final Year Project\Python Library\svm_model.pkl
2025-04-28 14:53:26,268 - password_strength - INFO - Successfully loaded pre-trained models from package resources.
2025-04-28 14:53:26,269 - __main__ - INFO - Password strength scorer initialized successfully
2025-04-28 14:53:33,853 - __main__ - INFO - Password analyzed successfully: Hibis...
2025-04-28 14:53:54,685 - __main__ - INFO - Password analyzed successfully: Hibis...
2025-04-28 14:54:14,552 - __main__ - INFO - Password analyzed successfully: admin...
2025-04-28 14:54:25,318 - __main__ - INFO - Password analyzed successfully: MeowM...
2025-04-28 14:54:44,585 - __main__ - INFO - Password analyzed successfully: elmus...
2025-04-28 14:58:20,348 - password_strength - INFO - Loading models from resources: C:\Users\User\Desktop\Final Year Project\Python Library\rf_model.pkl, C:\Users\User\Desktop\Final Year Project\Python Library\svm_model.pkl
2025-04-28 14:58:20,354 - password_strength - INFO - Successfully loaded pre-trained models from package resources.
2025-04-28 14:58:20,354 - __main__ - INFO - Password strength scorer initialized successfully
2025-04-28 14:58:26,413 - __main__ - INFO - Password analyzed successfully: ajsji...
2025-04-28 15:09:11,371 - password_strength - INFO - Loading models from resources: C:\Users\User\Desktop\Final Year Project\Python Library\rf_model.pkl, C:\Users\User\Desktop\Final Year Project\Python Library\svm_model.pkl
2025-04-28 15:09:11,383 - password_strength - INFO - Successfully loaded pre-trained models from package resources.
2025-04-28 15:09:11,383 - __main__ - INFO - Password strength scorer initialized successfully
2025-04-28 15:09:16,517 - __main__ - INFO - Password analyzed successfully: ascsa...
2025-04-28 15:09:25,801 - __main__ - INFO - Password analyzed successfully: Hibis...
